<?xml version="1.0" encoding="UTF-8"?>
<!-- Generated by org.testng.reporters.JUnitReportReporter -->
<testsuite ignored="0" hostname="MdThalha" failures="0" tests="1" name="Testng.Shop" time="0.039" errors="0" timestamp="12 Jan 2022 16:02:43 GMT" skipped="0">
  <testcase classname="Testng.Shop" name="method" time="0.039"/>
</testsuite> <!-- Testng.Shop -->
